{"name":"Addition","status":"failed","statusDetails":{"known":false,"muted":false,"flaky":false,"message":"expected [3] but found [12]","trace":"java.lang.AssertionError: expected [3] but found [12]\r\n\tat org.testng.Assert.fail(Assert.java:97)\r\n\tat org.testng.Assert.assertEqualsImpl(Assert.java:136)\r\n\tat org.testng.Assert.assertEquals(Assert.java:118)\r\n\tat org.testng.Assert.assertEquals(Assert.java:839)\r\n\tat org.testng.Assert.assertEquals(Assert.java:849)\r\n\tat extensions.Verifications.verifyInt(Verifications.java:24)\r\n\tat sanity.CalculatorDesktop.Addition(CalculatorDesktop.java:17)\r\n\tat sun.reflect.NativeMethodAccessorImpl.invoke0(Native Method)\r\n\tat sun.reflect.NativeMethodAccessorImpl.invoke(NativeMethodAccessorImpl.java:62)\r\n\tat sun.reflect.DelegatingMethodAccessorImpl.invoke(DelegatingMethodAccessorImpl.java:43)\r\n\tat java.lang.reflect.Method.invoke(Method.java:498)\r\n\tat org.testng.internal.MethodInvocationHelper.invokeMethod(MethodInvocationHelper.java:133)\r\n\tat org.testng.internal.TestInvoker.invokeMethod(TestInvoker.java:584)\r\n\tat org.testng.internal.TestInvoker.invokeTestMethod(TestInvoker.java:172)\r\n\tat org.testng.internal.MethodRunner.runInSequence(MethodRunner.java:46)\r\n\tat org.testng.internal.TestInvoker$MethodInvocationAgent.invoke(TestInvoker.java:804)\r\n\tat org.testng.internal.TestInvoker.invokeTestMethods(TestInvoker.java:145)\r\n\tat org.testng.internal.TestMethodWorker.invokeTestMethods(TestMethodWorker.java:146)\r\n\tat org.testng.internal.TestMethodWorker.run(TestMethodWorker.java:128)\r\n\tat java.util.ArrayList.forEach(ArrayList.java:1257)\r\n\tat org.testng.TestRunner.privateRun(TestRunner.java:770)\r\n\tat org.testng.TestRunner.run(TestRunner.java:591)\r\n\tat org.testng.SuiteRunner.runTest(SuiteRunner.java:402)\r\n\tat org.testng.SuiteRunner.runSequentially(SuiteRunner.java:396)\r\n\tat org.testng.SuiteRunner.privateRun(SuiteRunner.java:355)\r\n\tat org.testng.SuiteRunner.run(SuiteRunner.java:304)\r\n\tat org.testng.SuiteRunnerWorker.runSuite(SuiteRunnerWorker.java:53)\r\n\tat org.testng.SuiteRunnerWorker.run(SuiteRunnerWorker.java:96)\r\n\tat org.testng.TestNG.runSuitesSequentially(TestNG.java:1180)\r\n\tat org.testng.TestNG.runSuitesLocally(TestNG.java:1102)\r\n\tat org.testng.TestNG.runSuites(TestNG.java:1032)\r\n\tat org.testng.TestNG.run(TestNG.java:1000)\r\n\tat com.intellij.rt.testng.IDEARemoteTestNG.run(IDEARemoteTestNG.java:66)\r\n\tat com.intellij.rt.testng.RemoteTestNGStarter.main(RemoteTestNGStarter.java:109)\r\n"},"stage":"finished","description":"Verify single digit Addition on Calculator App","steps":[{"name":"Business flow: Addition","status":"passed","stage":"finished","steps":[{"name":"No wait Click on element","status":"passed","stage":"finished","steps":[],"attachments":[],"parameters":[{"name":"elem","value":"[[io.appium.java_client.windows.WindowsDriver, Capabilities: {app=Microsoft.WindowsCalculator_8wekyb3d8bbwe!App, javascriptEnabled=true, platform=WINDOWS, platformName=Windows}] -> xpath: //*[@AutomationId='num1Button']]"}],"start":1629884980062,"stop":1629884981916},{"name":"No wait Click on element","status":"passed","stage":"finished","steps":[],"attachments":[],"parameters":[{"name":"elem","value":"[[io.appium.java_client.windows.WindowsDriver, Capabilities: {app=Microsoft.WindowsCalculator_8wekyb3d8bbwe!App, javascriptEnabled=true, platform=WINDOWS, platformName=Windows}] -> name: Plus]"}],"start":1629884982194,"stop":1629884982840},{"name":"No wait Click on element","status":"passed","stage":"finished","steps":[],"attachments":[],"parameters":[{"name":"elem","value":"[[io.appium.java_client.windows.WindowsDriver, Capabilities: {app=Microsoft.WindowsCalculator_8wekyb3d8bbwe!App, javascriptEnabled=true, platform=WINDOWS, platformName=Windows}] -> xpath: //*[@AutomationId='num2Button']]"}],"start":1629884983322,"stop":1629884984175},{"name":"No wait Click on element","status":"passed","stage":"finished","steps":[],"attachments":[],"parameters":[{"name":"elem","value":"[[io.appium.java_client.windows.WindowsDriver, Capabilities: {app=Microsoft.WindowsCalculator_8wekyb3d8bbwe!App, javascriptEnabled=true, platform=WINDOWS, platformName=Windows}] -> name: Equals]"}],"start":1629884984402,"stop":1629884984980}],"attachments":[{"name":"Screenshot","source":"0e03fa8d-c481-48ac-b5a5-e57896238288-attachment","type":"image/png"}],"parameters":[{"name":"num_a","value":"[[io.appium.java_client.windows.WindowsDriver, Capabilities: {app=Microsoft.WindowsCalculator_8wekyb3d8bbwe!App, javascriptEnabled=true, platform=WINDOWS, platformName=Windows}] -> xpath: //*[@AutomationId='num1Button']]"},{"name":"num_b","value":"[[io.appium.java_client.windows.WindowsDriver, Capabilities: {app=Microsoft.WindowsCalculator_8wekyb3d8bbwe!App, javascriptEnabled=true, platform=WINDOWS, platformName=Windows}] -> xpath: //*[@AutomationId='num2Button']]"}],"start":1629884979486,"stop":1629884985458},{"name":"Business flow: Get Integer Result","status":"passed","stage":"finished","steps":[],"attachments":[],"parameters":[],"start":1629884985458,"stop":1629884986033},{"name":"Verify Int","status":"failed","statusDetails":{"known":false,"muted":false,"flaky":false,"message":"expected [3] but found [12]","trace":"java.lang.AssertionError: expected [3] but found [12]\r\n\tat org.testng.Assert.fail(Assert.java:97)\r\n\tat org.testng.Assert.assertEqualsImpl(Assert.java:136)\r\n\tat org.testng.Assert.assertEquals(Assert.java:118)\r\n\tat org.testng.Assert.assertEquals(Assert.java:839)\r\n\tat org.testng.Assert.assertEquals(Assert.java:849)\r\n\tat extensions.Verifications.verifyInt(Verifications.java:24)\r\n\tat sanity.CalculatorDesktop.Addition(CalculatorDesktop.java:17)\r\n\tat sun.reflect.NativeMethodAccessorImpl.invoke0(Native Method)\r\n\tat sun.reflect.NativeMethodAccessorImpl.invoke(NativeMethodAccessorImpl.java:62)\r\n\tat sun.reflect.DelegatingMethodAccessorImpl.invoke(DelegatingMethodAccessorImpl.java:43)\r\n\tat java.lang.reflect.Method.invoke(Method.java:498)\r\n\tat org.testng.internal.MethodInvocationHelper.invokeMethod(MethodInvocationHelper.java:133)\r\n\tat org.testng.internal.TestInvoker.invokeMethod(TestInvoker.java:584)\r\n\tat org.testng.internal.TestInvoker.invokeTestMethod(TestInvoker.java:172)\r\n\tat org.testng.internal.MethodRunner.runInSequence(MethodRunner.java:46)\r\n\tat org.testng.internal.TestInvoker$MethodInvocationAgent.invoke(TestInvoker.java:804)\r\n\tat org.testng.internal.TestInvoker.invokeTestMethods(TestInvoker.java:145)\r\n\tat org.testng.internal.TestMethodWorker.invokeTestMethods(TestMethodWorker.java:146)\r\n\tat org.testng.internal.TestMethodWorker.run(TestMethodWorker.java:128)\r\n\tat java.util.ArrayList.forEach(ArrayList.java:1257)\r\n\tat org.testng.TestRunner.privateRun(TestRunner.java:770)\r\n\tat org.testng.TestRunner.run(TestRunner.java:591)\r\n\tat org.testng.SuiteRunner.runTest(SuiteRunner.java:402)\r\n\tat org.testng.SuiteRunner.runSequentially(SuiteRunner.java:396)\r\n\tat org.testng.SuiteRunner.privateRun(SuiteRunner.java:355)\r\n\tat org.testng.SuiteRunner.run(SuiteRunner.java:304)\r\n\tat org.testng.SuiteRunnerWorker.runSuite(SuiteRunnerWorker.java:53)\r\n\tat org.testng.SuiteRunnerWorker.run(SuiteRunnerWorker.java:96)\r\n\tat org.testng.TestNG.runSuitesSequentially(TestNG.java:1180)\r\n\tat org.testng.TestNG.runSuitesLocally(TestNG.java:1102)\r\n\tat org.testng.TestNG.runSuites(TestNG.java:1032)\r\n\tat org.testng.TestNG.run(TestNG.java:1000)\r\n\tat com.intellij.rt.testng.IDEARemoteTestNG.run(IDEARemoteTestNG.java:66)\r\n\tat com.intellij.rt.testng.RemoteTestNGStarter.main(RemoteTestNGStarter.java:109)\r\n"},"stage":"finished","steps":[],"attachments":[],"parameters":[{"name":"actual","value":"12"},{"name":"exp","value":"3"}],"start":1629884986052,"stop":1629884986065}],"attachments":[{"name":"Screenshot","source":"08bcaf14-296a-4745-8b90-df4552a893a0-attachment","type":"image/png"}],"parameters":[{"name":"BrowserName","value":"chrome"},{"name":"ActiveDB","value":"no"},{"name":"DDTFile","value":"./DDTFiles/users.csv"},{"name":"UserName","value":"admin"},{"name":"Timeout","value":"5"},{"name":"UDID","value":"158adf71"},{"name":"URL","value":"http://localhost:3000/"},{"name":"ElectronDriverPath","value":"./Drivers/electron.exe"},{"name":"PlatformName","value":"desktop"},{"name":"AppPackage","value":"com.shivgadhia.android.ukMortgageCalc"},{"name":"AppiumServer","value":"http://localhost:4723/wd/hub"},{"name":"AppActivity","value":".MainActivity"},{"name":"URLAPI","value":"http://localhost:3000/"},{"name":"ElectronAppPath","value":"C:/Users/rowan/AppData/Local/Programs/todolist/Todolist.exe"},{"name":"AppiumServerDesktop","value":"http://127.0.0.1:4723"},{"name":"CalculatorApp","value":"Microsoft.WindowsCalculator_8wekyb3d8bbwe!App"},{"name":"Password","value":"admin"}],"start":1629884977527,"stop":1629884986455,"uuid":"87ff4c8b-7066-47e0-8176-de293ac8cb6f","historyId":"95dd0b60f599663915739b3135469825","fullName":"sanity.CalculatorDesktop.Addition","labels":[{"name":"package","value":"sanity.CalculatorDesktop"},{"name":"testClass","value":"sanity.CalculatorDesktop"},{"name":"testMethod","value":"Addition"},{"name":"parentSuite","value":"Desktop Suite"},{"name":"suite","value":"Desktop Test"},{"name":"subSuite","value":"sanity.CalculatorDesktop"},{"name":"host","value":"DESKTOP-0MGG0LK"},{"name":"thread","value":"1368@DESKTOP-0MGG0LK.main(1)"},{"name":"framework","value":"testng"},{"name":"language","value":"java"}],"links":[]}